# JRE version: Java(TM) SE Runtime Environment (13.0.2+8) (build 13.0.2+8)
# Java VM: Java HotSpot(TM) 64-Bit Server VM (13.0.2+8, mixed mode, sharing, tiered, compressed oops, parallel gc, windows-amd64)
Heap:
 PSYoungGen      total 19968K, used 10478K [0x00000000eab00000, 0x00000000ed080000, 0x0000000100000000)
  eden space 15872K, 40% used [0x00000000eab00000,0x00000000eb13bce0,0x00000000eba80000)
  from space 4096K, 99% used [0x00000000ec380000,0x00000000ec77fde8,0x00000000ec780000)
  to   space 9216K, 0% used [0x00000000eba80000,0x00000000eba80000,0x00000000ec380000)
 ParOldGen       total 68608K, used 20974K [0x00000000c0000000, 0x00000000c4300000, 0x00000000eab00000)
  object space 68608K, 30% used [0x00000000c0000000,0x00000000c147b8b0,0x00000000c4300000)
 Metaspace       used 38345K, capacity 40522K, committed 40664K, reserved 1085440K
  class space    used 4073K, capacity 4848K, committed 4864K, reserved 1048576K
GC Heap History (20 events):
Event: 3.270 GC heap before
{Heap before GC invocations=3 (full 0):
 PSYoungGen      total 29696K, used 29647K [0x00000000eab00000, 0x00000000ecc00000, 0x0000000100000000)
  eden space 25600K, 99% used [0x00000000eab00000,0x00000000ec3f4be8,0x00000000ec400000)
  from space 4096K, 99% used [0x00000000ec800000,0x00000000ecbff320,0x00000000ecc00000)
  to   space 4096K, 0% used [0x00000000ec400000,0x00000000ec400000,0x00000000ec800000)
 ParOldGen       total 68608K, used 5638K [0x00000000c0000000, 0x00000000c4300000, 0x00000000eab00000)
  object space 68608K, 8% used [0x00000000c0000000,0x00000000c05818b0,0x00000000c4300000)
 Metaspace       used 15356K, capacity 16299K, committed 16384K, reserved 1064960K
  class space    used 1434K, capacity 1707K, committed 1792K, reserved 1048576K
}
Event: 3.278 GC heap after
{Heap after GC invocations=3 (full 0):
 PSYoungGen      total 29696K, used 4084K [0x00000000eab00000, 0x00000000ecc00000, 0x0000000100000000)
  eden space 25600K, 0% used [0x00000000eab00000,0x00000000eab00000,0x00000000ec400000)
  from space 4096K, 99% used [0x00000000ec400000,0x00000000ec7fd048,0x00000000ec800000)
  to   space 4096K, 0% used [0x00000000ec800000,0x00000000ec800000,0x00000000ecc00000)
 ParOldGen       total 68608K, used 8614K [0x00000000c0000000, 0x00000000c4300000, 0x00000000eab00000)
  object space 68608K, 12% used [0x00000000c0000000,0x00000000c0869a68,0x00000000c4300000)
 Metaspace       used 15356K, capacity 16299K, committed 16384K, reserved 1064960K
  class space    used 1434K, capacity 1707K, committed 1792K, reserved 1048576K
}
Event: 3.529 GC heap before
{Heap before GC invocations=4 (full 0):
 PSYoungGen      total 29696K, used 21641K [0x00000000eab00000, 0x00000000ecc00000, 0x0000000100000000)
  eden space 25600K, 68% used [0x00000000eab00000,0x00000000ebc25578,0x00000000ec400000)
  from space 4096K, 99% used [0x00000000ec400000,0x00000000ec7fd048,0x00000000ec800000)
  to   space 4096K, 0% used [0x00000000ec800000,0x00000000ec800000,0x00000000ecc00000)
 ParOldGen       total 68608K, used 8614K [0x00000000c0000000, 0x00000000c4300000, 0x00000000eab00000)
  object space 68608K, 12% used [0x00000000c0000000,0x00000000c0869a68,0x00000000c4300000)
 Metaspace       used 20157K, capacity 21126K, committed 21248K, reserved 1069056K
  class space    used 1821K, capacity 2187K, committed 2304K, reserved 1048576K
}
Event: 3.533 GC heap after
{Heap after GC invocations=4 (full 0):
 PSYoungGen      total 29696K, used 4087K [0x00000000eab00000, 0x00000000ecc00000, 0x0000000100000000)
  eden space 25600K, 0% used [0x00000000eab00000,0x00000000eab00000,0x00000000ec400000)
  from space 4096K, 99% used [0x00000000ec800000,0x00000000ecbfdfe8,0x00000000ecc00000)
  to   space 4096K, 0% used [0x00000000ec400000,0x00000000ec400000,0x00000000ec800000)
 ParOldGen       total 68608K, used 9459K [0x00000000c0000000, 0x00000000c4300000, 0x00000000eab00000)
  object space 68608K, 13% used [0x00000000c0000000,0x00000000c093ce30,0x00000000c4300000)
 Metaspace       used 20157K, capacity 21126K, committed 21248K, reserved 1069056K
  class space    used 1821K, capacity 2187K, committed 2304K, reserved 1048576K
}
Event: 3.533 GC heap before
{Heap before GC invocations=5 (full 1):
 PSYoungGen      total 29696K, used 4087K [0x00000000eab00000, 0x00000000ecc00000, 0x0000000100000000)
  eden space 25600K, 0% used [0x00000000eab00000,0x00000000eab00000,0x00000000ec400000)
  from space 4096K, 99% used [0x00000000ec800000,0x00000000ecbfdfe8,0x00000000ecc00000)
  to   space 4096K, 0% used [0x00000000ec400000,0x00000000ec400000,0x00000000ec800000)
 ParOldGen       total 68608K, used 9459K [0x00000000c0000000, 0x00000000c4300000, 0x00000000eab00000)
  object space 68608K, 13% used [0x00000000c0000000,0x00000000c093ce30,0x00000000c4300000)
 Metaspace       used 20157K, capacity 21126K, committed 21248K, reserved 1069056K
  class space    used 1821K, capacity 2187K, committed 2304K, reserved 1048576K
}
Event: 3.567 GC heap after
{Heap after GC invocations=5 (full 1):
 PSYoungGen      total 29696K, used 0K [0x00000000eab00000, 0x00000000ecc00000, 0x0000000100000000)
  eden space 25600K, 0% used [0x00000000eab00000,0x00000000eab00000,0x00000000ec400000)
  from space 4096K, 0% used [0x00000000ec800000,0x00000000ec800000,0x00000000ecc00000)
  to   space 4096K, 0% used [0x00000000ec400000,0x00000000ec400000,0x00000000ec800000)
 ParOldGen       total 68608K, used 9753K [0x00000000c0000000, 0x00000000c4300000, 0x00000000eab00000)
  object space 68608K, 14% used [0x00000000c0000000,0x00000000c09867b8,0x00000000c4300000)
 Metaspace       used 20157K, capacity 21126K, committed 21248K, reserved 1069056K
  class space    used 1821K, capacity 2187K, committed 2304K, reserved 1048576K
}
Event: 4.484 GC heap before
{Heap before GC invocations=6 (full 1):
 PSYoungGen      total 29696K, used 25600K [0x00000000eab00000, 0x00000000ecc00000, 0x0000000100000000)
  eden space 25600K, 100% used [0x00000000eab00000,0x00000000ec400000,0x00000000ec400000)
  from space 4096K, 0% used [0x00000000ec800000,0x00000000ec800000,0x00000000ecc00000)
  to   space 4096K, 0% used [0x00000000ec400000,0x00000000ec400000,0x00000000ec800000)
 ParOldGen       total 68608K, used 9753K [0x00000000c0000000, 0x00000000c4300000, 0x00000000eab00000)
  object space 68608K, 14% used [0x00000000c0000000,0x00000000c09867b8,0x00000000c4300000)
 Metaspace       used 24221K, capacity 25519K, committed 25728K, reserved 1073152K
  class space    used 2395K, capacity 2830K, committed 2944K, reserved 1048576K
}
Event: 4.489 GC heap after
{Heap after GC invocations=6 (full 1):
 PSYoungGen      total 27648K, used 2242K [0x00000000eab00000, 0x00000000eca80000, 0x0000000100000000)
  eden space 25088K, 0% used [0x00000000eab00000,0x00000000eab00000,0x00000000ec380000)
  from space 2560K, 87% used [0x00000000ec400000,0x00000000ec630948,0x00000000ec680000)
  to   space 3584K, 0% used [0x00000000ec700000,0x00000000ec700000,0x00000000eca80000)
 ParOldGen       total 68608K, used 9761K [0x00000000c0000000, 0x00000000c4300000, 0x00000000eab00000)
  object space 68608K, 14% used [0x00000000c0000000,0x00000000c09887b8,0x00000000c4300000)
 Metaspace       used 24221K, capacity 25519K, committed 25728K, reserved 1073152K
  class space    used 2395K, capacity 2830K, committed 2944K, reserved 1048576K
}
Event: 5.383 GC heap before
{Heap before GC invocations=7 (full 1):
 PSYoungGen      total 27648K, used 27330K [0x00000000eab00000, 0x00000000eca80000, 0x0000000100000000)
  eden space 25088K, 100% used [0x00000000eab00000,0x00000000ec380000,0x00000000ec380000)
  from space 2560K, 87% used [0x00000000ec400000,0x00000000ec630948,0x00000000ec680000)
  to   space 3584K, 0% used [0x00000000ec700000,0x00000000ec700000,0x00000000eca80000)
 ParOldGen       total 68608K, used 9761K [0x00000000c0000000, 0x00000000c4300000, 0x00000000eab00000)
  object space 68608K, 14% used [0x00000000c0000000,0x00000000c09887b8,0x00000000c4300000)
 Metaspace       used 28364K, capacity 29729K, committed 29824K, reserved 1075200K
  class space    used 2936K, capacity 3421K, committed 3456K, reserved 1048576K
}
Event: 5.390 GC heap after
{Heap after GC invocations=7 (full 1):
 PSYoungGen      total 27648K, used 3572K [0x00000000eab00000, 0x00000000ecc00000, 0x0000000100000000)
  eden space 24064K, 0% used [0x00000000eab00000,0x00000000eab00000,0x00000000ec280000)
  from space 3584K, 99% used [0x00000000ec700000,0x00000000eca7d2c0,0x00000000eca80000)
  to   space 4608K, 0% used [0x00000000ec280000,0x00000000ec280000,0x00000000ec700000)
 ParOldGen       total 68608K, used 10112K [0x00000000c0000000, 0x00000000c4300000, 0x00000000eab00000)
  object space 68608K, 14% used [0x00000000c0000000,0x00000000c09e03c8,0x00000000c4300000)
 Metaspace       used 28364K, capacity 29729K, committed 29824K, reserved 1075200K
  class space    used 2936K, capacity 3421K, committed 3456K, reserved 1048576K
}
Event: 5.886 GC heap before
{Heap before GC invocations=8 (full 1):
 PSYoungGen      total 27648K, used 27636K [0x00000000eab00000, 0x00000000ecc00000, 0x0000000100000000)
  eden space 24064K, 100% used [0x00000000eab00000,0x00000000ec280000,0x00000000ec280000)
  from space 3584K, 99% used [0x00000000ec700000,0x00000000eca7d2c0,0x00000000eca80000)
  to   space 4608K, 0% used [0x00000000ec280000,0x00000000ec280000,0x00000000ec700000)
 ParOldGen       total 68608K, used 10112K [0x00000000c0000000, 0x00000000c4300000, 0x00000000eab00000)
  object space 68608K, 14% used [0x00000000c0000000,0x00000000c09e03c8,0x00000000c4300000)
 Metaspace       used 30338K, capacity 31864K, committed 32000K, reserved 1077248K
  class space    used 3141K, capacity 3719K, committed 3840K, reserved 1048576K
}
Event: 5.890 GC heap after
{Heap after GC invocations=8 (full 1):
 PSYoungGen      total 28160K, used 4596K [0x00000000eab00000, 0x00000000ecc00000, 0x0000000100000000)
  eden space 23552K, 0% used [0x00000000eab00000,0x00000000eab00000,0x00000000ec200000)
  from space 4608K, 99% used [0x00000000ec280000,0x00000000ec6fd2a0,0x00000000ec700000)
  to   space 5120K, 0% used [0x00000000ec700000,0x00000000ec700000,0x00000000ecc00000)
 ParOldGen       total 68608K, used 10328K [0x00000000c0000000, 0x00000000c4300000, 0x00000000eab00000)
  object space 68608K, 15% used [0x00000000c0000000,0x00000000c0a163c8,0x00000000c4300000)
 Metaspace       used 30338K, capacity 31864K, committed 32000K, reserved 1077248K
  class space    used 3141K, capacity 3719K, committed 3840K, reserved 1048576K
}
Event: 6.149 GC heap before
{Heap before GC invocations=9 (full 1):
 PSYoungGen      total 28160K, used 16179K [0x00000000eab00000, 0x00000000ecc00000, 0x0000000100000000)
  eden space 23552K, 49% used [0x00000000eab00000,0x00000000eb64fa00,0x00000000ec200000)
  from space 4608K, 99% used [0x00000000ec280000,0x00000000ec6fd2a0,0x00000000ec700000)
  to   space 5120K, 0% used [0x00000000ec700000,0x00000000ec700000,0x00000000ecc00000)
 ParOldGen       total 68608K, used 10328K [0x00000000c0000000, 0x00000000c4300000, 0x00000000eab00000)
  object space 68608K, 15% used [0x00000000c0000000,0x00000000c0a163c8,0x00000000c4300000)
 Metaspace       used 33506K, capacity 35345K, committed 35416K, reserved 1081344K
  class space    used 3512K, capacity 4204K, committed 4224K, reserved 1048576K
}
Event: 6.162 GC heap after
{Heap after GC invocations=9 (full 1):
 PSYoungGen      total 25088K, used 5114K [0x00000000eab00000, 0x00000000ed300000, 0x0000000100000000)
  eden space 19968K, 0% used [0x00000000eab00000,0x00000000eab00000,0x00000000ebe80000)
  from space 5120K, 99% used [0x00000000ec700000,0x00000000ecbfeb38,0x00000000ecc00000)
  to   space 8704K, 0% used [0x00000000ebe80000,0x00000000ebe80000,0x00000000ec700000)
 ParOldGen       total 68608K, used 12987K [0x00000000c0000000, 0x00000000c4300000, 0x00000000eab00000)
  object space 68608K, 18% used [0x00000000c0000000,0x00000000c0caed68,0x00000000c4300000)
 Metaspace       used 33506K, capacity 35345K, committed 35416K, reserved 1081344K
  class space    used 3512K, capacity 4204K, committed 4224K, reserved 1048576K
}
Event: 6.162 GC heap before
{Heap before GC invocations=10 (full 2):
 PSYoungGen      total 25088K, used 5114K [0x00000000eab00000, 0x00000000ed300000, 0x0000000100000000)
  eden space 19968K, 0% used [0x00000000eab00000,0x00000000eab00000,0x00000000ebe80000)
  from space 5120K, 99% used [0x00000000ec700000,0x00000000ecbfeb38,0x00000000ecc00000)
  to   space 8704K, 0% used [0x00000000ebe80000,0x00000000ebe80000,0x00000000ec700000)
 ParOldGen       total 68608K, used 12987K [0x00000000c0000000, 0x00000000c4300000, 0x00000000eab00000)
  object space 68608K, 18% used [0x00000000c0000000,0x00000000c0caed68,0x00000000c4300000)
 Metaspace       used 33506K, capacity 35345K, committed 35416K, reserved 1081344K
  class space    used 3512K, capacity 4204K, committed 4224K, reserved 1048576K
}
Event: 6.227 GC heap after
{Heap after GC invocations=10 (full 2):
 PSYoungGen      total 25088K, used 0K [0x00000000eab00000, 0x00000000ed300000, 0x0000000100000000)
  eden space 19968K, 0% used [0x00000000eab00000,0x00000000eab00000,0x00000000ebe80000)
  from space 5120K, 0% used [0x00000000ec700000,0x00000000ec700000,0x00000000ecc00000)
  to   space 8704K, 0% used [0x00000000ebe80000,0x00000000ebe80000,0x00000000ec700000)
 ParOldGen       total 68608K, used 17121K [0x00000000c0000000, 0x00000000c4300000, 0x00000000eab00000)
  object space 68608K, 24% used [0x00000000c0000000,0x00000000c10b8680,0x00000000c4300000)
 Metaspace       used 33506K, capacity 35345K, committed 35416K, reserved 1081344K
  class space    used 3512K, capacity 4204K, committed 4224K, reserved 1048576K
}
Event: 7.280 GC heap before
{Heap before GC invocations=11 (full 2):
 PSYoungGen      total 25088K, used 19968K [0x00000000eab00000, 0x00000000ed300000, 0x0000000100000000)
  eden space 19968K, 100% used [0x00000000eab00000,0x00000000ebe80000,0x00000000ebe80000)
  from space 5120K, 0% used [0x00000000ec700000,0x00000000ec700000,0x00000000ecc00000)
  to   space 8704K, 0% used [0x00000000ebe80000,0x00000000ebe80000,0x00000000ec700000)
 ParOldGen       total 68608K, used 17121K [0x00000000c0000000, 0x00000000c4300000, 0x00000000eab00000)
  object space 68608K, 24% used [0x00000000c0000000,0x00000000c10b8680,0x00000000c4300000)
 Metaspace       used 36493K, capacity 38511K, committed 38744K, reserved 1083392K
  class space    used 3862K, capacity 4644K, committed 4736K, reserved 1048576K
}
Event: 7.283 GC heap after
{Heap after GC invocations=11 (full 2):
 PSYoungGen      total 21504K, used 1280K [0x00000000eab00000, 0x00000000ec780000, 0x0000000100000000)
  eden space 19968K, 0% used [0x00000000eab00000,0x00000000eab00000,0x00000000ebe80000)
  from space 1536K, 83% used [0x00000000ebe80000,0x00000000ebfc0000,0x00000000ec000000)
  to   space 4096K, 0% used [0x00000000ec380000,0x00000000ec380000,0x00000000ec780000)
 ParOldGen       total 68608K, used 17129K [0x00000000c0000000, 0x00000000c4300000, 0x00000000eab00000)
  object space 68608K, 24% used [0x00000000c0000000,0x00000000c10ba680,0x00000000c4300000)
 Metaspace       used 36493K, capacity 38511K, committed 38744K, reserved 1083392K
  class space    used 3862K, capacity 4644K, committed 4736K, reserved 1048576K
}
Event: 9.234 GC heap before
{Heap before GC invocations=12 (full 2):
 PSYoungGen      total 21504K, used 21248K [0x00000000eab00000, 0x00000000ec780000, 0x0000000100000000)
  eden space 19968K, 100% used [0x00000000eab00000,0x00000000ebe80000,0x00000000ebe80000)
  from space 1536K, 83% used [0x00000000ebe80000,0x00000000ebfc0000,0x00000000ec000000)
  to   space 4096K, 0% used [0x00000000ec380000,0x00000000ec380000,0x00000000ec780000)
 ParOldGen       total 68608K, used 17129K [0x00000000c0000000, 0x00000000c4300000, 0x00000000eab00000)
  object space 68608K, 24% used [0x00000000c0000000,0x00000000c10ba680,0x00000000c4300000)
 Metaspace       used 37923K, capacity 39921K, committed 40152K, reserved 1085440K
  class space    used 4023K, capacity 4751K, committed 4864K, reserved 1048576K
}
Event: 9.243 GC heap after
{Heap after GC invocations=12 (full 2):
 PSYoungGen      total 19968K, used 4095K [0x00000000eab00000, 0x00000000ed080000, 0x0000000100000000)
  eden space 15872K, 0% used [0x00000000eab00000,0x00000000eab00000,0x00000000eba80000)
  from space 4096K, 99% used [0x00000000ec380000,0x00000000ec77fde8,0x00000000ec780000)
  to   space 9216K, 0% used [0x00000000eba80000,0x00000000eba80000,0x00000000ec380000)
 ParOldGen       total 68608K, used 20974K [0x00000000c0000000, 0x00000000c4300000, 0x00000000eab00000)
  object space 68608K, 30% used [0x00000000c0000000,0x00000000c147b8b0,0x00000000c4300000)
 Metaspace       used 37923K, capacity 39921K, committed 40152K, reserved 1085440K
  class space    used 4023K, capacity 4751K, committed 4864K, reserved 1048576K
}

