# JRE version: Java(TM) SE Runtime Environment (13.0.2+8) (build 13.0.2+8)
# Java VM: Java HotSpot(TM) 64-Bit Server VM (13.0.2+8, mixed mode, sharing, tiered, compressed oops, parallel gc, windows-amd64)
Heap:
 PSYoungGen      total 23552K, used 19853K [0x00000000eab00000, 0x00000000ec500000, 0x0000000100000000)
  eden space 21504K, 92% used [0x00000000eab00000,0x00000000ebe63570,0x00000000ec000000)
  from space 2048K, 0% used [0x00000000ec300000,0x00000000ec300000,0x00000000ec500000)
  to   space 2048K, 0% used [0x00000000ec100000,0x00000000ec100000,0x00000000ec300000)
 ParOldGen       total 68608K, used 28163K [0x00000000c0000000, 0x00000000c4300000, 0x00000000eab00000)
  object space 68608K, 41% used [0x00000000c0000000,0x00000000c1b80cf8,0x00000000c4300000)
 Metaspace       used 34770K, capacity 36239K, committed 36568K, reserved 1081344K
  class space    used 3254K, capacity 3756K, committed 3840K, reserved 1048576K
GC Heap History (20 events):
Event: 4.788 GC heap before
{Heap before GC invocations=7 (full 1):
 PSYoungGen      total 28160K, used 27675K [0x00000000eab00000, 0x00000000eca80000, 0x0000000100000000)
  eden space 25088K, 100% used [0x00000000eab00000,0x00000000ec380000,0x00000000ec380000)
  from space 3072K, 84% used [0x00000000ec400000,0x00000000ec686c50,0x00000000ec700000)
  to   space 3584K, 0% used [0x00000000ec700000,0x00000000ec700000,0x00000000eca80000)
 ParOldGen       total 68608K, used 8593K [0x00000000c0000000, 0x00000000c4300000, 0x00000000eab00000)
  object space 68608K, 12% used [0x00000000c0000000,0x00000000c0864428,0x00000000c4300000)
 Metaspace       used 25625K, capacity 27045K, committed 27392K, reserved 1073152K
  class space    used 2463K, capacity 2977K, committed 3072K, reserved 1048576K
}
Event: 4.799 GC heap after
{Heap after GC invocations=7 (full 1):
 PSYoungGen      total 27136K, used 3579K [0x00000000eab00000, 0x00000000ecd00000, 0x0000000100000000)
  eden space 23552K, 0% used [0x00000000eab00000,0x00000000eab00000,0x00000000ec200000)
  from space 3584K, 99% used [0x00000000ec700000,0x00000000eca7ec50,0x00000000eca80000)
  to   space 5120K, 0% used [0x00000000ec200000,0x00000000ec200000,0x00000000ec700000)
 ParOldGen       total 68608K, used 9489K [0x00000000c0000000, 0x00000000c4300000, 0x00000000eab00000)
  object space 68608K, 13% used [0x00000000c0000000,0x00000000c0944428,0x00000000c4300000)
 Metaspace       used 25625K, capacity 27045K, committed 27392K, reserved 1073152K
  class space    used 2463K, capacity 2977K, committed 3072K, reserved 1048576K
}
Event: 4.899 GC heap before
{Heap before GC invocations=8 (full 1):
 PSYoungGen      total 27136K, used 27131K [0x00000000eab00000, 0x00000000ecd00000, 0x0000000100000000)
  eden space 23552K, 100% used [0x00000000eab00000,0x00000000ec200000,0x00000000ec200000)
  from space 3584K, 99% used [0x00000000ec700000,0x00000000eca7ec50,0x00000000eca80000)
  to   space 5120K, 0% used [0x00000000ec200000,0x00000000ec200000,0x00000000ec700000)
 ParOldGen       total 68608K, used 9489K [0x00000000c0000000, 0x00000000c4300000, 0x00000000eab00000)
  object space 68608K, 13% used [0x00000000c0000000,0x00000000c0944428,0x00000000c4300000)
 Metaspace       used 25641K, capacity 27045K, committed 27392K, reserved 1073152K
  class space    used 2463K, capacity 2977K, committed 3072K, reserved 1048576K
}
Event: 4.905 GC heap after
{Heap after GC invocations=8 (full 1):
 PSYoungGen      total 28160K, used 5090K [0x00000000eab00000, 0x00000000ecd80000, 0x0000000100000000)
  eden space 23040K, 0% used [0x00000000eab00000,0x00000000eab00000,0x00000000ec180000)
  from space 5120K, 99% used [0x00000000ec200000,0x00000000ec6f8830,0x00000000ec700000)
  to   space 6144K, 0% used [0x00000000ec780000,0x00000000ec780000,0x00000000ecd80000)
 ParOldGen       total 68608K, used 9938K [0x00000000c0000000, 0x00000000c4300000, 0x00000000eab00000)
  object space 68608K, 14% used [0x00000000c0000000,0x00000000c09b4858,0x00000000c4300000)
 Metaspace       used 25641K, capacity 27045K, committed 27392K, reserved 1073152K
  class space    used 2463K, capacity 2977K, committed 3072K, reserved 1048576K
}
Event: 5.008 GC heap before
{Heap before GC invocations=9 (full 1):
 PSYoungGen      total 28160K, used 28130K [0x00000000eab00000, 0x00000000ecd80000, 0x0000000100000000)
  eden space 23040K, 100% used [0x00000000eab00000,0x00000000ec180000,0x00000000ec180000)
  from space 5120K, 99% used [0x00000000ec200000,0x00000000ec6f8830,0x00000000ec700000)
  to   space 6144K, 0% used [0x00000000ec780000,0x00000000ec780000,0x00000000ecd80000)
 ParOldGen       total 68608K, used 9938K [0x00000000c0000000, 0x00000000c4300000, 0x00000000eab00000)
  object space 68608K, 14% used [0x00000000c0000000,0x00000000c09b4858,0x00000000c4300000)
 Metaspace       used 25766K, capacity 27173K, committed 27392K, reserved 1073152K
  class space    used 2476K, capacity 2977K, committed 3072K, reserved 1048576K
}
Event: 5.019 GC heap after
{Heap after GC invocations=9 (full 1):
 PSYoungGen      total 27648K, used 6133K [0x00000000eab00000, 0x00000000ed000000, 0x0000000100000000)
  eden space 21504K, 0% used [0x00000000eab00000,0x00000000eab00000,0x00000000ec000000)
  from space 6144K, 99% used [0x00000000ec780000,0x00000000ecd7d7c0,0x00000000ecd80000)
  to   space 7680K, 0% used [0x00000000ec000000,0x00000000ec000000,0x00000000ec780000)
 ParOldGen       total 68608K, used 11102K [0x00000000c0000000, 0x00000000c4300000, 0x00000000eab00000)
  object space 68608K, 16% used [0x00000000c0000000,0x00000000c0ad7bb0,0x00000000c4300000)
 Metaspace       used 25766K, capacity 27173K, committed 27392K, reserved 1073152K
  class space    used 2476K, capacity 2977K, committed 3072K, reserved 1048576K
}
Event: 5.081 GC heap before
{Heap before GC invocations=10 (full 1):
 PSYoungGen      total 27648K, used 27637K [0x00000000eab00000, 0x00000000ed000000, 0x0000000100000000)
  eden space 21504K, 100% used [0x00000000eab00000,0x00000000ec000000,0x00000000ec000000)
  from space 6144K, 99% used [0x00000000ec780000,0x00000000ecd7d7c0,0x00000000ecd80000)
  to   space 7680K, 0% used [0x00000000ec000000,0x00000000ec000000,0x00000000ec780000)
 ParOldGen       total 68608K, used 11102K [0x00000000c0000000, 0x00000000c4300000, 0x00000000eab00000)
  object space 68608K, 16% used [0x00000000c0000000,0x00000000c0ad7bb0,0x00000000c4300000)
 Metaspace       used 25766K, capacity 27173K, committed 27392K, reserved 1073152K
  class space    used 2476K, capacity 2977K, committed 3072K, reserved 1048576K
}
Event: 5.090 GC heap after
{Heap after GC invocations=10 (full 1):
 PSYoungGen      total 27136K, used 5312K [0x00000000eab00000, 0x00000000ecc00000, 0x0000000100000000)
  eden space 21504K, 0% used [0x00000000eab00000,0x00000000eab00000,0x00000000ec000000)
  from space 5632K, 94% used [0x00000000ec000000,0x00000000ec530020,0x00000000ec580000)
  to   space 6144K, 0% used [0x00000000ec600000,0x00000000ec600000,0x00000000ecc00000)
 ParOldGen       total 68608K, used 13762K [0x00000000c0000000, 0x00000000c4300000, 0x00000000eab00000)
  object space 68608K, 20% used [0x00000000c0000000,0x00000000c0d70958,0x00000000c4300000)
 Metaspace       used 25766K, capacity 27173K, committed 27392K, reserved 1073152K
  class space    used 2476K, capacity 2977K, committed 3072K, reserved 1048576K
}
Event: 5.153 GC heap before
{Heap before GC invocations=11 (full 1):
 PSYoungGen      total 27136K, used 26816K [0x00000000eab00000, 0x00000000ecc00000, 0x0000000100000000)
  eden space 21504K, 100% used [0x00000000eab00000,0x00000000ec000000,0x00000000ec000000)
  from space 5632K, 94% used [0x00000000ec000000,0x00000000ec530020,0x00000000ec580000)
  to   space 6144K, 0% used [0x00000000ec600000,0x00000000ec600000,0x00000000ecc00000)
 ParOldGen       total 68608K, used 13762K [0x00000000c0000000, 0x00000000c4300000, 0x00000000eab00000)
  object space 68608K, 20% used [0x00000000c0000000,0x00000000c0d70958,0x00000000c4300000)
 Metaspace       used 25766K, capacity 27173K, committed 27392K, reserved 1073152K
  class space    used 2476K, capacity 2977K, committed 3072K, reserved 1048576K
}
Event: 5.161 GC heap after
{Heap after GC invocations=11 (full 1):
 PSYoungGen      total 25600K, used 3936K [0x00000000eab00000, 0x00000000eca00000, 0x0000000100000000)
  eden space 21504K, 0% used [0x00000000eab00000,0x00000000eab00000,0x00000000ec000000)
  from space 4096K, 96% used [0x00000000ec600000,0x00000000ec9d8010,0x00000000eca00000)
  to   space 4608K, 0% used [0x00000000ec100000,0x00000000ec100000,0x00000000ec580000)
 ParOldGen       total 68608K, used 17155K [0x00000000c0000000, 0x00000000c4300000, 0x00000000eab00000)
  object space 68608K, 25% used [0x00000000c0000000,0x00000000c10c0c40,0x00000000c4300000)
 Metaspace       used 25766K, capacity 27173K, committed 27392K, reserved 1073152K
  class space    used 2476K, capacity 2977K, committed 3072K, reserved 1048576K
}
Event: 5.212 GC heap before
{Heap before GC invocations=12 (full 1):
 PSYoungGen      total 25600K, used 25440K [0x00000000eab00000, 0x00000000eca00000, 0x0000000100000000)
  eden space 21504K, 100% used [0x00000000eab00000,0x00000000ec000000,0x00000000ec000000)
  from space 4096K, 96% used [0x00000000ec600000,0x00000000ec9d8010,0x00000000eca00000)
  to   space 4608K, 0% used [0x00000000ec100000,0x00000000ec100000,0x00000000ec580000)
 ParOldGen       total 68608K, used 17155K [0x00000000c0000000, 0x00000000c4300000, 0x00000000eab00000)
  object space 68608K, 25% used [0x00000000c0000000,0x00000000c10c0c40,0x00000000c4300000)
 Metaspace       used 25766K, capacity 27173K, committed 27392K, reserved 1073152K
  class space    used 2476K, capacity 2977K, committed 3072K, reserved 1048576K
}
Event: 5.219 GC heap after
{Heap after GC invocations=12 (full 1):
 PSYoungGen      total 23552K, used 1856K [0x00000000eab00000, 0x00000000ec680000, 0x0000000100000000)
  eden space 21504K, 0% used [0x00000000eab00000,0x00000000eab00000,0x00000000ec000000)
  from space 2048K, 90% used [0x00000000ec100000,0x00000000ec2d0000,0x00000000ec300000)
  to   space 3072K, 0% used [0x00000000ec380000,0x00000000ec380000,0x00000000ec680000)
 ParOldGen       total 68608K, used 21019K [0x00000000c0000000, 0x00000000c4300000, 0x00000000eab00000)
  object space 68608K, 30% used [0x00000000c0000000,0x00000000c1486c50,0x00000000c4300000)
 Metaspace       used 25766K, capacity 27173K, committed 27392K, reserved 1073152K
  class space    used 2476K, capacity 2977K, committed 3072K, reserved 1048576K
}
Event: 5.790 GC heap before
{Heap before GC invocations=13 (full 1):
 PSYoungGen      total 23552K, used 23360K [0x00000000eab00000, 0x00000000ec680000, 0x0000000100000000)
  eden space 21504K, 100% used [0x00000000eab00000,0x00000000ec000000,0x00000000ec000000)
  from space 2048K, 90% used [0x00000000ec100000,0x00000000ec2d0000,0x00000000ec300000)
  to   space 3072K, 0% used [0x00000000ec380000,0x00000000ec380000,0x00000000ec680000)
 ParOldGen       total 68608K, used 21019K [0x00000000c0000000, 0x00000000c4300000, 0x00000000eab00000)
  object space 68608K, 30% used [0x00000000c0000000,0x00000000c1486c50,0x00000000c4300000)
 Metaspace       used 28949K, capacity 30447K, committed 30720K, reserved 1077248K
  class space    used 2823K, capacity 3278K, committed 3328K, reserved 1048576K
}
Event: 5.797 GC heap after
{Heap after GC invocations=13 (full 1):
 PSYoungGen      total 24576K, used 2924K [0x00000000eab00000, 0x00000000ec700000, 0x0000000100000000)
  eden space 21504K, 0% used [0x00000000eab00000,0x00000000eab00000,0x00000000ec000000)
  from space 3072K, 95% used [0x00000000ec380000,0x00000000ec65b1d8,0x00000000ec680000)
  to   space 3584K, 0% used [0x00000000ec000000,0x00000000ec000000,0x00000000ec380000)
 ParOldGen       total 68608K, used 22779K [0x00000000c0000000, 0x00000000c4300000, 0x00000000eab00000)
  object space 68608K, 33% used [0x00000000c0000000,0x00000000c163ec50,0x00000000c4300000)
 Metaspace       used 28949K, capacity 30447K, committed 30720K, reserved 1077248K
  class space    used 2823K, capacity 3278K, committed 3328K, reserved 1048576K
}
Event: 7.204 GC heap before
{Heap before GC invocations=14 (full 1):
 PSYoungGen      total 24576K, used 24428K [0x00000000eab00000, 0x00000000ec700000, 0x0000000100000000)
  eden space 21504K, 100% used [0x00000000eab00000,0x00000000ec000000,0x00000000ec000000)
  from space 3072K, 95% used [0x00000000ec380000,0x00000000ec65b1d8,0x00000000ec680000)
  to   space 3584K, 0% used [0x00000000ec000000,0x00000000ec000000,0x00000000ec380000)
 ParOldGen       total 68608K, used 22779K [0x00000000c0000000, 0x00000000c4300000, 0x00000000eab00000)
  object space 68608K, 33% used [0x00000000c0000000,0x00000000c163ec50,0x00000000c4300000)
 Metaspace       used 31595K, capacity 33108K, committed 33280K, reserved 1079296K
  class space    used 3065K, capacity 3525K, committed 3584K, reserved 1048576K
}
Event: 7.213 GC heap after
{Heap after GC invocations=14 (full 1):
 PSYoungGen      total 24576K, used 2788K [0x00000000eab00000, 0x00000000ec600000, 0x0000000100000000)
  eden space 21504K, 0% used [0x00000000eab00000,0x00000000eab00000,0x00000000ec000000)
  from space 3072K, 90% used [0x00000000ec000000,0x00000000ec2b90e0,0x00000000ec300000)
  to   space 3072K, 0% used [0x00000000ec300000,0x00000000ec300000,0x00000000ec600000)
 ParOldGen       total 68608K, used 25374K [0x00000000c0000000, 0x00000000c4300000, 0x00000000eab00000)
  object space 68608K, 36% used [0x00000000c0000000,0x00000000c18c7aa0,0x00000000c4300000)
 Metaspace       used 31595K, capacity 33108K, committed 33280K, reserved 1079296K
  class space    used 3065K, capacity 3525K, committed 3584K, reserved 1048576K
}
Event: 8.597 GC heap before
{Heap before GC invocations=15 (full 1):
 PSYoungGen      total 24576K, used 17134K [0x00000000eab00000, 0x00000000ec600000, 0x0000000100000000)
  eden space 21504K, 66% used [0x00000000eab00000,0x00000000eb902908,0x00000000ec000000)
  from space 3072K, 90% used [0x00000000ec000000,0x00000000ec2b90e0,0x00000000ec300000)
  to   space 3072K, 0% used [0x00000000ec300000,0x00000000ec300000,0x00000000ec600000)
 ParOldGen       total 68608K, used 25374K [0x00000000c0000000, 0x00000000c4300000, 0x00000000eab00000)
  object space 68608K, 36% used [0x00000000c0000000,0x00000000c18c7aa0,0x00000000c4300000)
 Metaspace       used 33855K, capacity 35340K, committed 35416K, reserved 1081344K
  class space    used 3213K, capacity 3692K, committed 3712K, reserved 1048576K
}
Event: 8.600 GC heap after
{Heap after GC invocations=15 (full 1):
 PSYoungGen      total 23552K, used 1553K [0x00000000eab00000, 0x00000000ec500000, 0x0000000100000000)
  eden space 21504K, 0% used [0x00000000eab00000,0x00000000eab00000,0x00000000ec000000)
  from space 2048K, 75% used [0x00000000ec300000,0x00000000ec4846c8,0x00000000ec500000)
  to   space 2048K, 0% used [0x00000000ec100000,0x00000000ec100000,0x00000000ec300000)
 ParOldGen       total 68608K, used 27452K [0x00000000c0000000, 0x00000000c4300000, 0x00000000eab00000)
  object space 68608K, 40% used [0x00000000c0000000,0x00000000c1acf178,0x00000000c4300000)
 Metaspace       used 33855K, capacity 35340K, committed 35416K, reserved 1081344K
  class space    used 3213K, capacity 3692K, committed 3712K, reserved 1048576K
}
Event: 8.600 GC heap before
{Heap before GC invocations=16 (full 2):
 PSYoungGen      total 23552K, used 1553K [0x00000000eab00000, 0x00000000ec500000, 0x0000000100000000)
  eden space 21504K, 0% used [0x00000000eab00000,0x00000000eab00000,0x00000000ec000000)
  from space 2048K, 75% used [0x00000000ec300000,0x00000000ec4846c8,0x00000000ec500000)
  to   space 2048K, 0% used [0x00000000ec100000,0x00000000ec100000,0x00000000ec300000)
 ParOldGen       total 68608K, used 27452K [0x00000000c0000000, 0x00000000c4300000, 0x00000000eab00000)
  object space 68608K, 40% used [0x00000000c0000000,0x00000000c1acf178,0x00000000c4300000)
 Metaspace       used 33855K, capacity 35340K, committed 35416K, reserved 1081344K
  class space    used 3213K, capacity 3692K, committed 3712K, reserved 1048576K
}
Event: 8.740 GC heap after
{Heap after GC invocations=16 (full 2):
 PSYoungGen      total 23552K, used 0K [0x00000000eab00000, 0x00000000ec500000, 0x0000000100000000)
  eden space 21504K, 0% used [0x00000000eab00000,0x00000000eab00000,0x00000000ec000000)
  from space 2048K, 0% used [0x00000000ec300000,0x00000000ec300000,0x00000000ec500000)
  to   space 2048K, 0% used [0x00000000ec100000,0x00000000ec100000,0x00000000ec300000)
 ParOldGen       total 68608K, used 28163K [0x00000000c0000000, 0x00000000c4300000, 0x00000000eab00000)
  object space 68608K, 41% used [0x00000000c0000000,0x00000000c1b80cf8,0x00000000c4300000)
 Metaspace       used 33855K, capacity 35340K, committed 35416K, reserved 1081344K
  class space    used 3213K, capacity 3692K, committed 3712K, reserved 1048576K
}

