# JRE version: Java(TM) SE Runtime Environment (13.0.2+8) (build 13.0.2+8)
# Java VM: Java HotSpot(TM) 64-Bit Server VM (13.0.2+8, mixed mode, sharing, tiered, compressed oops, parallel gc, windows-amd64)
Heap:
 PSYoungGen      total 23040K, used 17605K [0x00000000eab00000, 0x00000000ec680000, 0x0000000100000000)
  eden space 20992K, 74% used [0x00000000eab00000,0x00000000eba34108,0x00000000ebf80000)
  from space 2048K, 99% used [0x00000000ec380000,0x00000000ec57d4c8,0x00000000ec580000)
  to   space 3584K, 0% used [0x00000000ebf80000,0x00000000ebf80000,0x00000000ec300000)
 ParOldGen       total 68608K, used 26475K [0x00000000c0000000, 0x00000000c4300000, 0x00000000eab00000)
  object space 68608K, 38% used [0x00000000c0000000,0x00000000c19dad70,0x00000000c4300000)
 Metaspace       used 32994K, capacity 34517K, committed 34688K, reserved 1081344K
  class space    used 3144K, capacity 3632K, committed 3712K, reserved 1048576K
GC Heap History (20 events):
Event: 21.680 GC heap before
{Heap before GC invocations=6 (full 1):
 PSYoungGen      total 29696K, used 25600K [0x00000000eab00000, 0x00000000ecc00000, 0x0000000100000000)
  eden space 25600K, 100% used [0x00000000eab00000,0x00000000ec400000,0x00000000ec400000)
  from space 4096K, 0% used [0x00000000ec800000,0x00000000ec800000,0x00000000ecc00000)
  to   space 4096K, 0% used [0x00000000ec400000,0x00000000ec400000,0x00000000ec800000)
 ParOldGen       total 68608K, used 8578K [0x00000000c0000000, 0x00000000c4300000, 0x00000000eab00000)
  object space 68608K, 12% used [0x00000000c0000000,0x00000000c0860810,0x00000000c4300000)
 Metaspace       used 25410K, capacity 26834K, committed 27136K, reserved 1073152K
  class space    used 2442K, capacity 2971K, committed 3072K, reserved 1048576K
}
Event: 21.696 GC heap after
{Heap after GC invocations=6 (full 1):
 PSYoungGen      total 28160K, used 2571K [0x00000000eab00000, 0x00000000eca80000, 0x0000000100000000)
  eden space 25088K, 0% used [0x00000000eab00000,0x00000000eab00000,0x00000000ec380000)
  from space 3072K, 83% used [0x00000000ec400000,0x00000000ec682c60,0x00000000ec700000)
  to   space 3584K, 0% used [0x00000000ec700000,0x00000000ec700000,0x00000000eca80000)
 ParOldGen       total 68608K, used 8586K [0x00000000c0000000, 0x00000000c4300000, 0x00000000eab00000)
  object space 68608K, 12% used [0x00000000c0000000,0x00000000c0862810,0x00000000c4300000)
 Metaspace       used 25410K, capacity 26834K, committed 27136K, reserved 1073152K
  class space    used 2442K, capacity 2971K, committed 3072K, reserved 1048576K
}
Event: 22.050 GC heap before
{Heap before GC invocations=7 (full 1):
 PSYoungGen      total 28160K, used 27659K [0x00000000eab00000, 0x00000000eca80000, 0x0000000100000000)
  eden space 25088K, 99% used [0x00000000eab00000,0x00000000ec37fff8,0x00000000ec380000)
  from space 3072K, 83% used [0x00000000ec400000,0x00000000ec682c60,0x00000000ec700000)
  to   space 3584K, 0% used [0x00000000ec700000,0x00000000ec700000,0x00000000eca80000)
 ParOldGen       total 68608K, used 8586K [0x00000000c0000000, 0x00000000c4300000, 0x00000000eab00000)
  object space 68608K, 12% used [0x00000000c0000000,0x00000000c0862810,0x00000000c4300000)
 Metaspace       used 25619K, capacity 27109K, committed 27392K, reserved 1073152K
  class space    used 2461K, capacity 2977K, committed 3072K, reserved 1048576K
}
Event: 22.055 GC heap after
{Heap after GC invocations=7 (full 1):
 PSYoungGen      total 27136K, used 3563K [0x00000000eab00000, 0x00000000ecd00000, 0x0000000100000000)
  eden space 23552K, 0% used [0x00000000eab00000,0x00000000eab00000,0x00000000ec200000)
  from space 3584K, 99% used [0x00000000ec700000,0x00000000eca7ac60,0x00000000eca80000)
  to   space 5120K, 0% used [0x00000000ec200000,0x00000000ec200000,0x00000000ec700000)
 ParOldGen       total 68608K, used 9514K [0x00000000c0000000, 0x00000000c4300000, 0x00000000eab00000)
  object space 68608K, 13% used [0x00000000c0000000,0x00000000c094a810,0x00000000c4300000)
 Metaspace       used 25619K, capacity 27109K, committed 27392K, reserved 1073152K
  class space    used 2461K, capacity 2977K, committed 3072K, reserved 1048576K
}
Event: 22.235 GC heap before
{Heap before GC invocations=8 (full 1):
 PSYoungGen      total 27136K, used 27115K [0x00000000eab00000, 0x00000000ecd00000, 0x0000000100000000)
  eden space 23552K, 100% used [0x00000000eab00000,0x00000000ec200000,0x00000000ec200000)
  from space 3584K, 99% used [0x00000000ec700000,0x00000000eca7ac60,0x00000000eca80000)
  to   space 5120K, 0% used [0x00000000ec200000,0x00000000ec200000,0x00000000ec700000)
 ParOldGen       total 68608K, used 9514K [0x00000000c0000000, 0x00000000c4300000, 0x00000000eab00000)
  object space 68608K, 13% used [0x00000000c0000000,0x00000000c094a810,0x00000000c4300000)
 Metaspace       used 25634K, capacity 27109K, committed 27392K, reserved 1073152K
  class space    used 2461K, capacity 2977K, committed 3072K, reserved 1048576K
}
Event: 22.242 GC heap after
{Heap after GC invocations=8 (full 1):
 PSYoungGen      total 28160K, used 5115K [0x00000000eab00000, 0x00000000ecd80000, 0x0000000100000000)
  eden space 23040K, 0% used [0x00000000eab00000,0x00000000eab00000,0x00000000ec180000)
  from space 5120K, 99% used [0x00000000ec200000,0x00000000ec6fec50,0x00000000ec700000)
  to   space 6144K, 0% used [0x00000000ec780000,0x00000000ec780000,0x00000000ecd80000)
 ParOldGen       total 68608K, used 9914K [0x00000000c0000000, 0x00000000c4300000, 0x00000000eab00000)
  object space 68608K, 14% used [0x00000000c0000000,0x00000000c09ae810,0x00000000c4300000)
 Metaspace       used 25634K, capacity 27109K, committed 27392K, reserved 1073152K
  class space    used 2461K, capacity 2977K, committed 3072K, reserved 1048576K
}
Event: 22.615 GC heap before
{Heap before GC invocations=9 (full 1):
 PSYoungGen      total 28160K, used 28155K [0x00000000eab00000, 0x00000000ecd80000, 0x0000000100000000)
  eden space 23040K, 100% used [0x00000000eab00000,0x00000000ec180000,0x00000000ec180000)
  from space 5120K, 99% used [0x00000000ec200000,0x00000000ec6fec50,0x00000000ec700000)
  to   space 6144K, 0% used [0x00000000ec780000,0x00000000ec780000,0x00000000ecd80000)
 ParOldGen       total 68608K, used 9914K [0x00000000c0000000, 0x00000000c4300000, 0x00000000eab00000)
  object space 68608K, 14% used [0x00000000c0000000,0x00000000c09ae810,0x00000000c4300000)
 Metaspace       used 25765K, capacity 27237K, committed 27392K, reserved 1073152K
  class space    used 2474K, capacity 2977K, committed 3072K, reserved 1048576K
}
Event: 22.620 GC heap after
{Heap after GC invocations=9 (full 1):
 PSYoungGen      total 27136K, used 6128K [0x00000000eab00000, 0x00000000ed100000, 0x0000000100000000)
  eden space 20992K, 0% used [0x00000000eab00000,0x00000000eab00000,0x00000000ebf80000)
  from space 6144K, 99% used [0x00000000ec780000,0x00000000ecd7c030,0x00000000ecd80000)
  to   space 8192K, 0% used [0x00000000ebf80000,0x00000000ebf80000,0x00000000ec780000)
 ParOldGen       total 68608K, used 11137K [0x00000000c0000000, 0x00000000c4300000, 0x00000000eab00000)
  object space 68608K, 16% used [0x00000000c0000000,0x00000000c0ae0660,0x00000000c4300000)
 Metaspace       used 25765K, capacity 27237K, committed 27392K, reserved 1073152K
  class space    used 2474K, capacity 2977K, committed 3072K, reserved 1048576K
}
Event: 22.660 GC heap before
{Heap before GC invocations=10 (full 1):
 PSYoungGen      total 27136K, used 27120K [0x00000000eab00000, 0x00000000ed100000, 0x0000000100000000)
  eden space 20992K, 100% used [0x00000000eab00000,0x00000000ebf80000,0x00000000ebf80000)
  from space 6144K, 99% used [0x00000000ec780000,0x00000000ecd7c030,0x00000000ecd80000)
  to   space 8192K, 0% used [0x00000000ebf80000,0x00000000ebf80000,0x00000000ec780000)
 ParOldGen       total 68608K, used 11137K [0x00000000c0000000, 0x00000000c4300000, 0x00000000eab00000)
  object space 68608K, 16% used [0x00000000c0000000,0x00000000c0ae0660,0x00000000c4300000)
 Metaspace       used 25766K, capacity 27237K, committed 27392K, reserved 1073152K
  class space    used 2474K, capacity 2977K, committed 3072K, reserved 1048576K
}
Event: 22.667 GC heap after
{Heap after GC invocations=10 (full 1):
 PSYoungGen      total 26624K, used 5536K [0x00000000eab00000, 0x00000000ecc80000, 0x0000000100000000)
  eden space 20992K, 0% used [0x00000000eab00000,0x00000000eab00000,0x00000000ebf80000)
  from space 5632K, 98% used [0x00000000ebf80000,0x00000000ec4e8020,0x00000000ec500000)
  to   space 6656K, 0% used [0x00000000ec600000,0x00000000ec600000,0x00000000ecc80000)
 ParOldGen       total 68608K, used 13616K [0x00000000c0000000, 0x00000000c4300000, 0x00000000eab00000)
  object space 68608K, 19% used [0x00000000c0000000,0x00000000c0d4c0c8,0x00000000c4300000)
 Metaspace       used 25766K, capacity 27237K, committed 27392K, reserved 1073152K
  class space    used 2474K, capacity 2977K, committed 3072K, reserved 1048576K
}
Event: 22.754 GC heap before
{Heap before GC invocations=11 (full 1):
 PSYoungGen      total 26624K, used 26528K [0x00000000eab00000, 0x00000000ecc80000, 0x0000000100000000)
  eden space 20992K, 100% used [0x00000000eab00000,0x00000000ebf80000,0x00000000ebf80000)
  from space 5632K, 98% used [0x00000000ebf80000,0x00000000ec4e8020,0x00000000ec500000)
  to   space 6656K, 0% used [0x00000000ec600000,0x00000000ec600000,0x00000000ecc80000)
 ParOldGen       total 68608K, used 13616K [0x00000000c0000000, 0x00000000c4300000, 0x00000000eab00000)
  object space 68608K, 19% used [0x00000000c0000000,0x00000000c0d4c0c8,0x00000000c4300000)
 Metaspace       used 25766K, capacity 27237K, committed 27392K, reserved 1073152K
  class space    used 2474K, capacity 2977K, committed 3072K, reserved 1048576K
}
Event: 22.761 GC heap after
{Heap after GC invocations=11 (full 1):
 PSYoungGen      total 25088K, used 3840K [0x00000000eab00000, 0x00000000eca00000, 0x0000000100000000)
  eden space 20992K, 0% used [0x00000000eab00000,0x00000000eab00000,0x00000000ebf80000)
  from space 4096K, 93% used [0x00000000ec600000,0x00000000ec9c0010,0x00000000eca00000)
  to   space 4608K, 0% used [0x00000000ec100000,0x00000000ec100000,0x00000000ec580000)
 ParOldGen       total 68608K, used 17205K [0x00000000c0000000, 0x00000000c4300000, 0x00000000eab00000)
  object space 68608K, 25% used [0x00000000c0000000,0x00000000c10cd708,0x00000000c4300000)
 Metaspace       used 25766K, capacity 27237K, committed 27392K, reserved 1073152K
  class space    used 2474K, capacity 2977K, committed 3072K, reserved 1048576K
}
Event: 22.801 GC heap before
{Heap before GC invocations=12 (full 1):
 PSYoungGen      total 25088K, used 24832K [0x00000000eab00000, 0x00000000eca00000, 0x0000000100000000)
  eden space 20992K, 100% used [0x00000000eab00000,0x00000000ebf80000,0x00000000ebf80000)
  from space 4096K, 93% used [0x00000000ec600000,0x00000000ec9c0010,0x00000000eca00000)
  to   space 4608K, 0% used [0x00000000ec100000,0x00000000ec100000,0x00000000ec580000)
 ParOldGen       total 68608K, used 17205K [0x00000000c0000000, 0x00000000c4300000, 0x00000000eab00000)
  object space 68608K, 25% used [0x00000000c0000000,0x00000000c10cd708,0x00000000c4300000)
 Metaspace       used 25766K, capacity 27237K, committed 27392K, reserved 1073152K
  class space    used 2474K, capacity 2977K, committed 3072K, reserved 1048576K
}
Event: 22.809 GC heap after
{Heap after GC invocations=12 (full 1):
 PSYoungGen      total 23040K, used 1792K [0x00000000eab00000, 0x00000000ec680000, 0x0000000100000000)
  eden space 20992K, 0% used [0x00000000eab00000,0x00000000eab00000,0x00000000ebf80000)
  from space 2048K, 87% used [0x00000000ec100000,0x00000000ec2c0000,0x00000000ec300000)
  to   space 3072K, 0% used [0x00000000ec380000,0x00000000ec380000,0x00000000ec680000)
 ParOldGen       total 68608K, used 20981K [0x00000000c0000000, 0x00000000c4300000, 0x00000000eab00000)
  object space 68608K, 30% used [0x00000000c0000000,0x00000000c147d718,0x00000000c4300000)
 Metaspace       used 25766K, capacity 27237K, committed 27392K, reserved 1073152K
  class space    used 2474K, capacity 2977K, committed 3072K, reserved 1048576K
}
Event: 26.462 GC heap before
{Heap before GC invocations=13 (full 1):
 PSYoungGen      total 23040K, used 22784K [0x00000000eab00000, 0x00000000ec680000, 0x0000000100000000)
  eden space 20992K, 100% used [0x00000000eab00000,0x00000000ebf80000,0x00000000ebf80000)
  from space 2048K, 87% used [0x00000000ec100000,0x00000000ec2c0000,0x00000000ec300000)
  to   space 3072K, 0% used [0x00000000ec380000,0x00000000ec380000,0x00000000ec680000)
 ParOldGen       total 68608K, used 20981K [0x00000000c0000000, 0x00000000c4300000, 0x00000000eab00000)
  object space 68608K, 30% used [0x00000000c0000000,0x00000000c147d718,0x00000000c4300000)
 Metaspace       used 28719K, capacity 30254K, committed 30464K, reserved 1077248K
  class space    used 2792K, capacity 3278K, committed 3328K, reserved 1048576K
}
Event: 26.466 GC heap after
{Heap after GC invocations=13 (full 1):
 PSYoungGen      total 24064K, used 2695K [0x00000000eab00000, 0x00000000ec680000, 0x0000000100000000)
  eden space 20992K, 0% used [0x00000000eab00000,0x00000000eab00000,0x00000000ebf80000)
  from space 3072K, 87% used [0x00000000ec380000,0x00000000ec621f88,0x00000000ec680000)
  to   space 3072K, 0% used [0x00000000ec080000,0x00000000ec080000,0x00000000ec380000)
 ParOldGen       total 68608K, used 22715K [0x00000000c0000000, 0x00000000c4300000, 0x00000000eab00000)
  object space 68608K, 33% used [0x00000000c0000000,0x00000000c162ef98,0x00000000c4300000)
 Metaspace       used 28719K, capacity 30254K, committed 30464K, reserved 1077248K
  class space    used 2792K, capacity 3278K, committed 3328K, reserved 1048576K
}
Event: 28.498 GC heap before
{Heap before GC invocations=14 (full 1):
 PSYoungGen      total 24064K, used 23687K [0x00000000eab00000, 0x00000000ec680000, 0x0000000100000000)
  eden space 20992K, 100% used [0x00000000eab00000,0x00000000ebf80000,0x00000000ebf80000)
  from space 3072K, 87% used [0x00000000ec380000,0x00000000ec621f88,0x00000000ec680000)
  to   space 3072K, 0% used [0x00000000ec080000,0x00000000ec080000,0x00000000ec380000)
 ParOldGen       total 68608K, used 22715K [0x00000000c0000000, 0x00000000c4300000, 0x00000000eab00000)
  object space 68608K, 33% used [0x00000000c0000000,0x00000000c162ef98,0x00000000c4300000)
 Metaspace       used 30626K, capacity 32194K, committed 32512K, reserved 1079296K
  class space    used 3004K, capacity 3499K, committed 3584K, reserved 1048576K
}
Event: 28.503 GC heap after
{Heap after GC invocations=14 (full 1):
 PSYoungGen      total 24064K, used 2615K [0x00000000eab00000, 0x00000000ec580000, 0x0000000100000000)
  eden space 20992K, 0% used [0x00000000eab00000,0x00000000eab00000,0x00000000ebf80000)
  from space 3072K, 85% used [0x00000000ec080000,0x00000000ec30df90,0x00000000ec380000)
  to   space 2048K, 0% used [0x00000000ec380000,0x00000000ec380000,0x00000000ec580000)
 ParOldGen       total 68608K, used 25197K [0x00000000c0000000, 0x00000000c4300000, 0x00000000eab00000)
  object space 68608K, 36% used [0x00000000c0000000,0x00000000c189b5a0,0x00000000c4300000)
 Metaspace       used 30626K, capacity 32194K, committed 32512K, reserved 1079296K
  class space    used 3004K, capacity 3499K, committed 3584K, reserved 1048576K
}
Event: 29.949 GC heap before
{Heap before GC invocations=15 (full 1):
 PSYoungGen      total 24064K, used 23607K [0x00000000eab00000, 0x00000000ec580000, 0x0000000100000000)
  eden space 20992K, 100% used [0x00000000eab00000,0x00000000ebf80000,0x00000000ebf80000)
  from space 3072K, 85% used [0x00000000ec080000,0x00000000ec30df90,0x00000000ec380000)
  to   space 2048K, 0% used [0x00000000ec380000,0x00000000ec380000,0x00000000ec580000)
 ParOldGen       total 68608K, used 25197K [0x00000000c0000000, 0x00000000c4300000, 0x00000000eab00000)
  object space 68608K, 36% used [0x00000000c0000000,0x00000000c189b5a0,0x00000000c4300000)
 Metaspace       used 31262K, capacity 32883K, committed 33024K, reserved 1079296K
  class space    used 3046K, capacity 3536K, committed 3584K, reserved 1048576K
}
Event: 30.058 GC heap after
{Heap after GC invocations=15 (full 1):
 PSYoungGen      total 23040K, used 2037K [0x00000000eab00000, 0x00000000ec680000, 0x0000000100000000)
  eden space 20992K, 0% used [0x00000000eab00000,0x00000000eab00000,0x00000000ebf80000)
  from space 2048K, 99% used [0x00000000ec380000,0x00000000ec57d4c8,0x00000000ec580000)
  to   space 3584K, 0% used [0x00000000ebf80000,0x00000000ebf80000,0x00000000ec300000)
 ParOldGen       total 68608K, used 26475K [0x00000000c0000000, 0x00000000c4300000, 0x00000000eab00000)
  object space 68608K, 38% used [0x00000000c0000000,0x00000000c19dad70,0x00000000c4300000)
 Metaspace       used 31262K, capacity 32883K, committed 33024K, reserved 1079296K
  class space    used 3046K, capacity 3536K, committed 3584K, reserved 1048576K
}

