# JRE version: Java(TM) SE Runtime Environment (13.0.2+8) (build 13.0.2+8)
# Java VM: Java HotSpot(TM) 64-Bit Server VM (13.0.2+8, mixed mode, sharing, tiered, compressed oops, parallel gc, windows-amd64)
Heap:
 PSYoungGen      total 24576K, used 12577K [0x00000000eab00000, 0x00000000ed400000, 0x0000000100000000)
  eden space 19456K, 64% used [0x00000000eab00000,0x00000000eb7484d0,0x00000000ebe00000)
  from space 5120K, 0% used [0x00000000ec700000,0x00000000ec700000,0x00000000ecc00000)
  to   space 9216K, 0% used [0x00000000ebe00000,0x00000000ebe00000,0x00000000ec700000)
 ParOldGen       total 68608K, used 17856K [0x00000000c0000000, 0x00000000c4300000, 0x00000000eab00000)
  object space 68608K, 26% used [0x00000000c0000000,0x00000000c11700d8,0x00000000c4300000)
 Metaspace       used 37166K, capacity 39113K, committed 39168K, reserved 1083392K
  class space    used 3923K, capacity 4589K, committed 4608K, reserved 1048576K
GC Heap History (20 events):
Event: 2.616 GC heap before
{Heap before GC invocations=1 (full 0):
 PSYoungGen      total 29696K, used 25600K [0x00000000eab00000, 0x00000000ecc00000, 0x0000000100000000)
  eden space 25600K, 100% used [0x00000000eab00000,0x00000000ec400000,0x00000000ec400000)
  from space 4096K, 0% used [0x00000000ec800000,0x00000000ec800000,0x00000000ecc00000)
  to   space 4096K, 0% used [0x00000000ec400000,0x00000000ec400000,0x00000000ec800000)
 ParOldGen       total 68608K, used 0K [0x00000000c0000000, 0x00000000c4300000, 0x00000000eab00000)
  object space 68608K, 0% used [0x00000000c0000000,0x00000000c0000000,0x00000000c4300000)
 Metaspace       used 6984K, capacity 7482K, committed 7680K, reserved 1056768K
  class space    used 687K, capacity 751K, committed 768K, reserved 1048576K
}
Event: 2.624 GC heap after
{Heap after GC invocations=1 (full 0):
 PSYoungGen      total 29696K, used 3174K [0x00000000eab00000, 0x00000000ecc00000, 0x0000000100000000)
  eden space 25600K, 0% used [0x00000000eab00000,0x00000000eab00000,0x00000000ec400000)
  from space 4096K, 77% used [0x00000000ec400000,0x00000000ec719bc8,0x00000000ec800000)
  to   space 4096K, 0% used [0x00000000ec800000,0x00000000ec800000,0x00000000ecc00000)
 ParOldGen       total 68608K, used 16K [0x00000000c0000000, 0x00000000c4300000, 0x00000000eab00000)
  object space 68608K, 0% used [0x00000000c0000000,0x00000000c0004000,0x00000000c4300000)
 Metaspace       used 6984K, capacity 7482K, committed 7680K, reserved 1056768K
  class space    used 687K, capacity 751K, committed 768K, reserved 1048576K
}
Event: 6.384 GC heap before
{Heap before GC invocations=2 (full 0):
 PSYoungGen      total 29696K, used 28774K [0x00000000eab00000, 0x00000000ecc00000, 0x0000000100000000)
  eden space 25600K, 100% used [0x00000000eab00000,0x00000000ec400000,0x00000000ec400000)
  from space 4096K, 77% used [0x00000000ec400000,0x00000000ec719bc8,0x00000000ec800000)
  to   space 4096K, 0% used [0x00000000ec800000,0x00000000ec800000,0x00000000ecc00000)
 ParOldGen       total 68608K, used 16K [0x00000000c0000000, 0x00000000c4300000, 0x00000000eab00000)
  object space 68608K, 0% used [0x00000000c0000000,0x00000000c0004000,0x00000000c4300000)
 Metaspace       used 7482K, capacity 7802K, committed 7936K, reserved 1056768K
  class space    used 713K, capacity 751K, committed 768K, reserved 1048576K
}
Event: 6.396 GC heap after
{Heap after GC invocations=2 (full 0):
 PSYoungGen      total 29696K, used 4078K [0x00000000eab00000, 0x00000000ecc00000, 0x0000000100000000)
  eden space 25600K, 0% used [0x00000000eab00000,0x00000000eab00000,0x00000000ec400000)
  from space 4096K, 99% used [0x00000000ec800000,0x00000000ecbfbaa8,0x00000000ecc00000)
  to   space 4096K, 0% used [0x00000000ec400000,0x00000000ec400000,0x00000000ec800000)
 ParOldGen       total 68608K, used 5640K [0x00000000c0000000, 0x00000000c4300000, 0x00000000eab00000)
  object space 68608K, 8% used [0x00000000c0000000,0x00000000c0582300,0x00000000c4300000)
 Metaspace       used 7482K, capacity 7802K, committed 7936K, reserved 1056768K
  class space    used 713K, capacity 751K, committed 768K, reserved 1048576K
}
Event: 14.985 GC heap before
{Heap before GC invocations=3 (full 0):
 PSYoungGen      total 29696K, used 29607K [0x00000000eab00000, 0x00000000ecc00000, 0x0000000100000000)
  eden space 25600K, 99% used [0x00000000eab00000,0x00000000ec3ee490,0x00000000ec400000)
  from space 4096K, 99% used [0x00000000ec800000,0x00000000ecbfbaa8,0x00000000ecc00000)
  to   space 4096K, 0% used [0x00000000ec400000,0x00000000ec400000,0x00000000ec800000)
 ParOldGen       total 68608K, used 5640K [0x00000000c0000000, 0x00000000c4300000, 0x00000000eab00000)
  object space 68608K, 8% used [0x00000000c0000000,0x00000000c0582300,0x00000000c4300000)
 Metaspace       used 15385K, capacity 16347K, committed 16384K, reserved 1064960K
  class space    used 1443K, capacity 1767K, committed 1792K, reserved 1048576K
}
Event: 14.991 GC heap after
{Heap after GC invocations=3 (full 0):
 PSYoungGen      total 29696K, used 4087K [0x00000000eab00000, 0x00000000ecc00000, 0x0000000100000000)
  eden space 25600K, 0% used [0x00000000eab00000,0x00000000eab00000,0x00000000ec400000)
  from space 4096K, 99% used [0x00000000ec400000,0x00000000ec7fdf10,0x00000000ec800000)
  to   space 4096K, 0% used [0x00000000ec800000,0x00000000ec800000,0x00000000ecc00000)
 ParOldGen       total 68608K, used 8554K [0x00000000c0000000, 0x00000000c4300000, 0x00000000eab00000)
  object space 68608K, 12% used [0x00000000c0000000,0x00000000c085abf0,0x00000000c4300000)
 Metaspace       used 15385K, capacity 16347K, committed 16384K, reserved 1064960K
  class space    used 1443K, capacity 1767K, committed 1792K, reserved 1048576K
}
Event: 16.800 GC heap before
{Heap before GC invocations=4 (full 0):
 PSYoungGen      total 29696K, used 22122K [0x00000000eab00000, 0x00000000ecc00000, 0x0000000100000000)
  eden space 25600K, 70% used [0x00000000eab00000,0x00000000ebc9c978,0x00000000ec400000)
  from space 4096K, 99% used [0x00000000ec400000,0x00000000ec7fdf10,0x00000000ec800000)
  to   space 4096K, 0% used [0x00000000ec800000,0x00000000ec800000,0x00000000ecc00000)
 ParOldGen       total 68608K, used 8554K [0x00000000c0000000, 0x00000000c4300000, 0x00000000eab00000)
  object space 68608K, 12% used [0x00000000c0000000,0x00000000c085abf0,0x00000000c4300000)
 Metaspace       used 20168K, capacity 21132K, committed 21248K, reserved 1069056K
  class space    used 1826K, capacity 2190K, committed 2304K, reserved 1048576K
}
Event: 16.805 GC heap after
{Heap after GC invocations=4 (full 0):
 PSYoungGen      total 29696K, used 4090K [0x00000000eab00000, 0x00000000ecc00000, 0x0000000100000000)
  eden space 25600K, 0% used [0x00000000eab00000,0x00000000eab00000,0x00000000ec400000)
  from space 4096K, 99% used [0x00000000ec800000,0x00000000ecbfe848,0x00000000ecc00000)
  to   space 4096K, 0% used [0x00000000ec400000,0x00000000ec400000,0x00000000ec800000)
 ParOldGen       total 68608K, used 9512K [0x00000000c0000000, 0x00000000c4300000, 0x00000000eab00000)
  object space 68608K, 13% used [0x00000000c0000000,0x00000000c094a3b8,0x00000000c4300000)
 Metaspace       used 20168K, capacity 21132K, committed 21248K, reserved 1069056K
  class space    used 1826K, capacity 2190K, committed 2304K, reserved 1048576K
}
Event: 16.805 GC heap before
{Heap before GC invocations=5 (full 1):
 PSYoungGen      total 29696K, used 4090K [0x00000000eab00000, 0x00000000ecc00000, 0x0000000100000000)
  eden space 25600K, 0% used [0x00000000eab00000,0x00000000eab00000,0x00000000ec400000)
  from space 4096K, 99% used [0x00000000ec800000,0x00000000ecbfe848,0x00000000ecc00000)
  to   space 4096K, 0% used [0x00000000ec400000,0x00000000ec400000,0x00000000ec800000)
 ParOldGen       total 68608K, used 9512K [0x00000000c0000000, 0x00000000c4300000, 0x00000000eab00000)
  object space 68608K, 13% used [0x00000000c0000000,0x00000000c094a3b8,0x00000000c4300000)
 Metaspace       used 20168K, capacity 21132K, committed 21248K, reserved 1069056K
  class space    used 1826K, capacity 2190K, committed 2304K, reserved 1048576K
}
Event: 16.834 GC heap after
{Heap after GC invocations=5 (full 1):
 PSYoungGen      total 29696K, used 0K [0x00000000eab00000, 0x00000000ecc00000, 0x0000000100000000)
  eden space 25600K, 0% used [0x00000000eab00000,0x00000000eab00000,0x00000000ec400000)
  from space 4096K, 0% used [0x00000000ec800000,0x00000000ec800000,0x00000000ecc00000)
  to   space 4096K, 0% used [0x00000000ec400000,0x00000000ec400000,0x00000000ec800000)
 ParOldGen       total 68608K, used 9971K [0x00000000c0000000, 0x00000000c4300000, 0x00000000eab00000)
  object space 68608K, 14% used [0x00000000c0000000,0x00000000c09bcd28,0x00000000c4300000)
 Metaspace       used 20168K, capacity 21132K, committed 21248K, reserved 1069056K
  class space    used 1826K, capacity 2190K, committed 2304K, reserved 1048576K
}
Event: 21.521 GC heap before
{Heap before GC invocations=6 (full 1):
 PSYoungGen      total 29696K, used 25600K [0x00000000eab00000, 0x00000000ecc00000, 0x0000000100000000)
  eden space 25600K, 100% used [0x00000000eab00000,0x00000000ec400000,0x00000000ec400000)
  from space 4096K, 0% used [0x00000000ec800000,0x00000000ec800000,0x00000000ecc00000)
  to   space 4096K, 0% used [0x00000000ec400000,0x00000000ec400000,0x00000000ec800000)
 ParOldGen       total 68608K, used 9971K [0x00000000c0000000, 0x00000000c4300000, 0x00000000eab00000)
  object space 68608K, 14% used [0x00000000c0000000,0x00000000c09bcd28,0x00000000c4300000)
 Metaspace       used 24328K, capacity 25670K, committed 25984K, reserved 1073152K
  class space    used 2403K, capacity 2862K, committed 2944K, reserved 1048576K
}
Event: 21.523 GC heap after
{Heap after GC invocations=6 (full 1):
 PSYoungGen      total 27648K, used 2232K [0x00000000eab00000, 0x00000000eca80000, 0x0000000100000000)
  eden space 25088K, 0% used [0x00000000eab00000,0x00000000eab00000,0x00000000ec380000)
  from space 2560K, 87% used [0x00000000ec400000,0x00000000ec62e138,0x00000000ec680000)
  to   space 3584K, 0% used [0x00000000ec700000,0x00000000ec700000,0x00000000eca80000)
 ParOldGen       total 68608K, used 9979K [0x00000000c0000000, 0x00000000c4300000, 0x00000000eab00000)
  object space 68608K, 14% used [0x00000000c0000000,0x00000000c09bed28,0x00000000c4300000)
 Metaspace       used 24328K, capacity 25670K, committed 25984K, reserved 1073152K
  class space    used 2403K, capacity 2862K, committed 2944K, reserved 1048576K
}
Event: 23.337 GC heap before
{Heap before GC invocations=7 (full 1):
 PSYoungGen      total 27648K, used 27320K [0x00000000eab00000, 0x00000000eca80000, 0x0000000100000000)
  eden space 25088K, 100% used [0x00000000eab00000,0x00000000ec380000,0x00000000ec380000)
  from space 2560K, 87% used [0x00000000ec400000,0x00000000ec62e138,0x00000000ec680000)
  to   space 3584K, 0% used [0x00000000ec700000,0x00000000ec700000,0x00000000eca80000)
 ParOldGen       total 68608K, used 9979K [0x00000000c0000000, 0x00000000c4300000, 0x00000000eab00000)
  object space 68608K, 14% used [0x00000000c0000000,0x00000000c09bed28,0x00000000c4300000)
 Metaspace       used 28601K, capacity 29965K, committed 30208K, reserved 1075200K
  class space    used 2962K, capacity 3457K, committed 3584K, reserved 1048576K
}
Event: 23.340 GC heap after
{Heap after GC invocations=7 (full 1):
 PSYoungGen      total 27648K, used 3557K [0x00000000eab00000, 0x00000000ecc00000, 0x0000000100000000)
  eden space 24064K, 0% used [0x00000000eab00000,0x00000000eab00000,0x00000000ec280000)
  from space 3584K, 99% used [0x00000000ec700000,0x00000000eca795e0,0x00000000eca80000)
  to   space 4608K, 0% used [0x00000000ec280000,0x00000000ec280000,0x00000000ec700000)
 ParOldGen       total 68608K, used 10331K [0x00000000c0000000, 0x00000000c4300000, 0x00000000eab00000)
  object space 68608K, 15% used [0x00000000c0000000,0x00000000c0a16d28,0x00000000c4300000)
 Metaspace       used 28601K, capacity 29965K, committed 30208K, reserved 1075200K
  class space    used 2962K, capacity 3457K, committed 3584K, reserved 1048576K
}
Event: 23.952 GC heap before
{Heap before GC invocations=8 (full 1):
 PSYoungGen      total 27648K, used 27621K [0x00000000eab00000, 0x00000000ecc00000, 0x0000000100000000)
  eden space 24064K, 100% used [0x00000000eab00000,0x00000000ec280000,0x00000000ec280000)
  from space 3584K, 99% used [0x00000000ec700000,0x00000000eca795e0,0x00000000eca80000)
  to   space 4608K, 0% used [0x00000000ec280000,0x00000000ec280000,0x00000000ec700000)
 ParOldGen       total 68608K, used 10331K [0x00000000c0000000, 0x00000000c4300000, 0x00000000eab00000)
  object space 68608K, 15% used [0x00000000c0000000,0x00000000c0a16d28,0x00000000c4300000)
 Metaspace       used 30394K, capacity 31876K, committed 32000K, reserved 1077248K
  class space    used 3151K, capacity 3723K, committed 3840K, reserved 1048576K
}
Event: 23.957 GC heap after
{Heap after GC invocations=8 (full 1):
 PSYoungGen      total 28160K, used 4579K [0x00000000eab00000, 0x00000000ecc00000, 0x0000000100000000)
  eden space 23552K, 0% used [0x00000000eab00000,0x00000000eab00000,0x00000000ec200000)
  from space 4608K, 99% used [0x00000000ec280000,0x00000000ec6f8eb0,0x00000000ec700000)
  to   space 5120K, 0% used [0x00000000ec700000,0x00000000ec700000,0x00000000ecc00000)
 ParOldGen       total 68608K, used 10607K [0x00000000c0000000, 0x00000000c4300000, 0x00000000eab00000)
  object space 68608K, 15% used [0x00000000c0000000,0x00000000c0a5bf38,0x00000000c4300000)
 Metaspace       used 30394K, capacity 31876K, committed 32000K, reserved 1077248K
  class space    used 3151K, capacity 3723K, committed 3840K, reserved 1048576K
}
Event: 30.068 GC heap before
{Heap before GC invocations=9 (full 1):
 PSYoungGen      total 28160K, used 27084K [0x00000000eab00000, 0x00000000ecc00000, 0x0000000100000000)
  eden space 23552K, 95% used [0x00000000eab00000,0x00000000ec0fa2a0,0x00000000ec200000)
  from space 4608K, 99% used [0x00000000ec280000,0x00000000ec6f8eb0,0x00000000ec700000)
  to   space 5120K, 0% used [0x00000000ec700000,0x00000000ec700000,0x00000000ecc00000)
 ParOldGen       total 68608K, used 10607K [0x00000000c0000000, 0x00000000c4300000, 0x00000000eab00000)
  object space 68608K, 15% used [0x00000000c0000000,0x00000000c0a5bf38,0x00000000c4300000)
 Metaspace       used 33618K, capacity 35263K, committed 35328K, reserved 1081344K
  class space    used 3489K, capacity 4089K, committed 4096K, reserved 1048576K
}
Event: 30.114 GC heap after
{Heap after GC invocations=9 (full 1):
 PSYoungGen      total 24576K, used 5106K [0x00000000eab00000, 0x00000000ed400000, 0x0000000100000000)
  eden space 19456K, 0% used [0x00000000eab00000,0x00000000eab00000,0x00000000ebe00000)
  from space 5120K, 99% used [0x00000000ec700000,0x00000000ecbfcae8,0x00000000ecc00000)
  to   space 9216K, 0% used [0x00000000ebe00000,0x00000000ebe00000,0x00000000ec700000)
 ParOldGen       total 68608K, used 13888K [0x00000000c0000000, 0x00000000c4300000, 0x00000000eab00000)
  object space 68608K, 20% used [0x00000000c0000000,0x00000000c0d90360,0x00000000c4300000)
 Metaspace       used 33618K, capacity 35263K, committed 35328K, reserved 1081344K
  class space    used 3489K, capacity 4089K, committed 4096K, reserved 1048576K
}
Event: 30.114 GC heap before
{Heap before GC invocations=10 (full 2):
 PSYoungGen      total 24576K, used 5106K [0x00000000eab00000, 0x00000000ed400000, 0x0000000100000000)
  eden space 19456K, 0% used [0x00000000eab00000,0x00000000eab00000,0x00000000ebe00000)
  from space 5120K, 99% used [0x00000000ec700000,0x00000000ecbfcae8,0x00000000ecc00000)
  to   space 9216K, 0% used [0x00000000ebe00000,0x00000000ebe00000,0x00000000ec700000)
 ParOldGen       total 68608K, used 13888K [0x00000000c0000000, 0x00000000c4300000, 0x00000000eab00000)
  object space 68608K, 20% used [0x00000000c0000000,0x00000000c0d90360,0x00000000c4300000)
 Metaspace       used 33618K, capacity 35263K, committed 35328K, reserved 1081344K
  class space    used 3489K, capacity 4089K, committed 4096K, reserved 1048576K
}
Event: 30.220 GC heap after
{Heap after GC invocations=10 (full 2):
 PSYoungGen      total 24576K, used 0K [0x00000000eab00000, 0x00000000ed400000, 0x0000000100000000)
  eden space 19456K, 0% used [0x00000000eab00000,0x00000000eab00000,0x00000000ebe00000)
  from space 5120K, 0% used [0x00000000ec700000,0x00000000ec700000,0x00000000ecc00000)
  to   space 9216K, 0% used [0x00000000ebe00000,0x00000000ebe00000,0x00000000ec700000)
 ParOldGen       total 68608K, used 17856K [0x00000000c0000000, 0x00000000c4300000, 0x00000000eab00000)
  object space 68608K, 26% used [0x00000000c0000000,0x00000000c11700d8,0x00000000c4300000)
 Metaspace       used 33618K, capacity 35263K, committed 35328K, reserved 1081344K
  class space    used 3489K, capacity 4089K, committed 4096K, reserved 1048576K
}

