# JRE version: Java(TM) SE Runtime Environment (13.0.2+8) (build 13.0.2+8)
# Java VM: Java HotSpot(TM) 64-Bit Server VM (13.0.2+8, mixed mode, sharing, tiered, compressed oops, g1 gc, windows-amd64)
Heap:
 garbage-first heap   total 272384K, used 93874K [0x0000000081400000, 0x0000000100000000)
  region size 1024K, 1 young (1024K), 1 survivors (1024K)
 Metaspace       used 7602K, capacity 7791K, committed 7936K, reserved 1056768K
  class space    used 834K, capacity 921K, committed 1024K, reserved 1048576K
GC Heap History (20 events):
Event: 3.509 GC heap after
{Heap after GC invocations=32 (full 0):
 garbage-first heap   total 173056K, used 93716K [0x0000000081400000, 0x0000000100000000)
  region size 1024K, 1 young (1024K), 1 survivors (1024K)
 Metaspace       used 7595K, capacity 7791K, committed 7936K, reserved 1056768K
  class space    used 834K, capacity 921K, committed 1024K, reserved 1048576K
}
Event: 3.523 GC heap before
{Heap before GC invocations=33 (full 0):
 garbage-first heap   total 173056K, used 97812K [0x0000000081400000, 0x0000000100000000)
  region size 1024K, 2 young (2048K), 1 survivors (1024K)
 Metaspace       used 7595K, capacity 7791K, committed 7936K, reserved 1056768K
  class space    used 834K, capacity 921K, committed 1024K, reserved 1048576K
}
Event: 3.525 GC heap after
{Heap after GC invocations=34 (full 0):
 garbage-first heap   total 173056K, used 93815K [0x0000000081400000, 0x0000000100000000)
  region size 1024K, 1 young (1024K), 1 survivors (1024K)
 Metaspace       used 7595K, capacity 7791K, committed 7936K, reserved 1056768K
  class space    used 834K, capacity 921K, committed 1024K, reserved 1048576K
}
Event: 3.533 GC heap before
{Heap before GC invocations=35 (full 0):
 garbage-first heap   total 173056K, used 97911K [0x0000000081400000, 0x0000000100000000)
  region size 1024K, 2 young (2048K), 1 survivors (1024K)
 Metaspace       used 7596K, capacity 7791K, committed 7936K, reserved 1056768K
  class space    used 834K, capacity 921K, committed 1024K, reserved 1048576K
}
Event: 3.534 GC heap after
{Heap after GC invocations=36 (full 0):
 garbage-first heap   total 173056K, used 97947K [0x0000000081400000, 0x0000000100000000)
  region size 1024K, 1 young (1024K), 1 survivors (1024K)
 Metaspace       used 7596K, capacity 7791K, committed 7936K, reserved 1056768K
  class space    used 834K, capacity 921K, committed 1024K, reserved 1048576K
}
Event: 3.586 GC heap before
{Heap before GC invocations=37 (full 0):
 garbage-first heap   total 174080K, used 106139K [0x0000000081400000, 0x0000000100000000)
  region size 1024K, 6 young (6144K), 1 survivors (1024K)
 Metaspace       used 7596K, capacity 7791K, committed 7936K, reserved 1056768K
  class space    used 834K, capacity 921K, committed 1024K, reserved 1048576K
}
Event: 3.587 GC heap after
{Heap after GC invocations=38 (full 0):
 garbage-first heap   total 174080K, used 93831K [0x0000000081400000, 0x0000000100000000)
  region size 1024K, 1 young (1024K), 1 survivors (1024K)
 Metaspace       used 7596K, capacity 7791K, committed 7936K, reserved 1056768K
  class space    used 834K, capacity 921K, committed 1024K, reserved 1048576K
}
Event: 3.598 GC heap before
{Heap before GC invocations=39 (full 0):
 garbage-first heap   total 174080K, used 97927K [0x0000000081400000, 0x0000000100000000)
  region size 1024K, 2 young (2048K), 1 survivors (1024K)
 Metaspace       used 7596K, capacity 7791K, committed 7936K, reserved 1056768K
  class space    used 834K, capacity 921K, committed 1024K, reserved 1048576K
}
Event: 3.599 GC heap after
{Heap after GC invocations=40 (full 0):
 garbage-first heap   total 174080K, used 93843K [0x0000000081400000, 0x0000000100000000)
  region size 1024K, 1 young (1024K), 1 survivors (1024K)
 Metaspace       used 7596K, capacity 7791K, committed 7936K, reserved 1056768K
  class space    used 834K, capacity 921K, committed 1024K, reserved 1048576K
}
Event: 3.608 GC heap before
{Heap before GC invocations=41 (full 0):
 garbage-first heap   total 174080K, used 97939K [0x0000000081400000, 0x0000000100000000)
  region size 1024K, 2 young (2048K), 1 survivors (1024K)
 Metaspace       used 7596K, capacity 7791K, committed 7936K, reserved 1056768K
  class space    used 834K, capacity 921K, committed 1024K, reserved 1048576K
}
Event: 3.609 GC heap after
{Heap after GC invocations=42 (full 0):
 garbage-first heap   total 174080K, used 97971K [0x0000000081400000, 0x0000000100000000)
  region size 1024K, 1 young (1024K), 1 survivors (1024K)
 Metaspace       used 7596K, capacity 7791K, committed 7936K, reserved 1056768K
  class space    used 834K, capacity 921K, committed 1024K, reserved 1048576K
}
Event: 3.659 GC heap before
{Heap before GC invocations=43 (full 0):
 garbage-first heap   total 174080K, used 106163K [0x0000000081400000, 0x0000000100000000)
  region size 1024K, 6 young (6144K), 1 survivors (1024K)
 Metaspace       used 7597K, capacity 7791K, committed 7936K, reserved 1056768K
  class space    used 834K, capacity 921K, committed 1024K, reserved 1048576K
}
Event: 3.660 GC heap after
{Heap after GC invocations=44 (full 0):
 garbage-first heap   total 215040K, used 93858K [0x0000000081400000, 0x0000000100000000)
  region size 1024K, 1 young (1024K), 1 survivors (1024K)
 Metaspace       used 7597K, capacity 7791K, committed 7936K, reserved 1056768K
  class space    used 834K, capacity 921K, committed 1024K, reserved 1048576K
}
Event: 3.672 GC heap before
{Heap before GC invocations=45 (full 0):
 garbage-first heap   total 215040K, used 97954K [0x0000000081400000, 0x0000000100000000)
  region size 1024K, 2 young (2048K), 1 survivors (1024K)
 Metaspace       used 7597K, capacity 7791K, committed 7936K, reserved 1056768K
  class space    used 834K, capacity 921K, committed 1024K, reserved 1048576K
}
Event: 3.673 GC heap after
{Heap after GC invocations=46 (full 0):
 garbage-first heap   total 215040K, used 93863K [0x0000000081400000, 0x0000000100000000)
  region size 1024K, 1 young (1024K), 1 survivors (1024K)
 Metaspace       used 7597K, capacity 7791K, committed 7936K, reserved 1056768K
  class space    used 834K, capacity 921K, committed 1024K, reserved 1048576K
}
Event: 3.752 GC heap before
{Heap before GC invocations=47 (full 0):
 garbage-first heap   total 215040K, used 106151K [0x0000000081400000, 0x0000000100000000)
  region size 1024K, 6 young (6144K), 1 survivors (1024K)
 Metaspace       used 7598K, capacity 7791K, committed 7936K, reserved 1056768K
  class space    used 834K, capacity 921K, committed 1024K, reserved 1048576K
}
Event: 3.753 GC heap after
{Heap after GC invocations=48 (full 0):
 garbage-first heap   total 215040K, used 102095K [0x0000000081400000, 0x0000000100000000)
  region size 1024K, 1 young (1024K), 1 survivors (1024K)
 Metaspace       used 7598K, capacity 7791K, committed 7936K, reserved 1056768K
  class space    used 834K, capacity 921K, committed 1024K, reserved 1048576K
}
Event: 3.805 GC heap before
{Heap before GC invocations=49 (full 0):
 garbage-first heap   total 215040K, used 110287K [0x0000000081400000, 0x0000000100000000)
  region size 1024K, 6 young (6144K), 1 survivors (1024K)
 Metaspace       used 7602K, capacity 7791K, committed 7936K, reserved 1056768K
  class space    used 834K, capacity 921K, committed 1024K, reserved 1048576K
}
Event: 3.806 GC heap after
{Heap after GC invocations=50 (full 0):
 garbage-first heap   total 215040K, used 93872K [0x0000000081400000, 0x0000000100000000)
  region size 1024K, 1 young (1024K), 1 survivors (1024K)
 Metaspace       used 7602K, capacity 7791K, committed 7936K, reserved 1056768K
  class space    used 834K, capacity 921K, committed 1024K, reserved 1048576K
}
Event: 3.820 GC heap before
{Heap before GC invocations=51 (full 0):
 garbage-first heap   total 215040K, used 97968K [0x0000000081400000, 0x0000000100000000)
  region size 1024K, 2 young (2048K), 1 survivors (1024K)
 Metaspace       used 7602K, capacity 7791K, committed 7936K, reserved 1056768K
  class space    used 834K, capacity 921K, committed 1024K, reserved 1048576K
}

