# JRE version: Java(TM) SE Runtime Environment (13.0.2+8) (build 13.0.2+8)
# Java VM: Java HotSpot(TM) 64-Bit Server VM (13.0.2+8, mixed mode, sharing, tiered, compressed oops, g1 gc, windows-amd64)
Heap:
 garbage-first heap   total 262144K, used 97893K [0x0000000081400000, 0x0000000100000000)
  region size 1024K, 1 young (1024K), 1 survivors (1024K)
 Metaspace       used 7703K, capacity 7919K, committed 8192K, reserved 1056768K
  class space    used 834K, capacity 921K, committed 1024K, reserved 1048576K
GC Heap History (20 events):
Event: 4.869 GC heap after
{Heap after GC invocations=34 (full 0):
 garbage-first heap   total 179200K, used 93713K [0x0000000081400000, 0x0000000100000000)
  region size 1024K, 1 young (1024K), 1 survivors (1024K)
 Metaspace       used 7699K, capacity 7919K, committed 8192K, reserved 1056768K
  class space    used 834K, capacity 921K, committed 1024K, reserved 1048576K
}
Event: 4.941 GC heap before
{Heap before GC invocations=35 (full 0):
 garbage-first heap   total 179200K, used 106001K [0x0000000081400000, 0x0000000100000000)
  region size 1024K, 6 young (6144K), 1 survivors (1024K)
 Metaspace       used 7699K, capacity 7919K, committed 8192K, reserved 1056768K
  class space    used 834K, capacity 921K, committed 1024K, reserved 1048576K
}
Event: 4.942 GC heap after
{Heap after GC invocations=36 (full 0):
 garbage-first heap   total 179200K, used 101944K [0x0000000081400000, 0x0000000100000000)
  region size 1024K, 1 young (1024K), 1 survivors (1024K)
 Metaspace       used 7699K, capacity 7919K, committed 8192K, reserved 1056768K
  class space    used 834K, capacity 921K, committed 1024K, reserved 1048576K
}
Event: 4.997 GC heap before
{Heap before GC invocations=37 (full 0):
 garbage-first heap   total 181248K, used 110136K [0x0000000081400000, 0x0000000100000000)
  region size 1024K, 6 young (6144K), 1 survivors (1024K)
 Metaspace       used 7699K, capacity 7919K, committed 8192K, reserved 1056768K
  class space    used 834K, capacity 921K, committed 1024K, reserved 1048576K
}
Event: 4.997 GC heap after
{Heap after GC invocations=38 (full 0):
 garbage-first heap   total 181248K, used 93733K [0x0000000081400000, 0x0000000100000000)
  region size 1024K, 1 young (1024K), 1 survivors (1024K)
 Metaspace       used 7699K, capacity 7919K, committed 8192K, reserved 1056768K
  class space    used 834K, capacity 921K, committed 1024K, reserved 1048576K
}
Event: 5.010 GC heap before
{Heap before GC invocations=39 (full 0):
 garbage-first heap   total 181248K, used 97829K [0x0000000081400000, 0x0000000100000000)
  region size 1024K, 2 young (2048K), 1 survivors (1024K)
 Metaspace       used 7699K, capacity 7919K, committed 8192K, reserved 1056768K
  class space    used 834K, capacity 921K, committed 1024K, reserved 1048576K
}
Event: 5.011 GC heap after
{Heap after GC invocations=40 (full 0):
 garbage-first heap   total 181248K, used 93744K [0x0000000081400000, 0x0000000100000000)
  region size 1024K, 1 young (1024K), 1 survivors (1024K)
 Metaspace       used 7699K, capacity 7919K, committed 8192K, reserved 1056768K
  class space    used 834K, capacity 921K, committed 1024K, reserved 1048576K
}
Event: 5.017 GC heap before
{Heap before GC invocations=41 (full 0):
 garbage-first heap   total 181248K, used 98864K [0x0000000081400000, 0x0000000100000000)
  region size 1024K, 3 young (3072K), 1 survivors (1024K)
 Metaspace       used 7700K, capacity 7919K, committed 8192K, reserved 1056768K
  class space    used 834K, capacity 921K, committed 1024K, reserved 1048576K
}
Event: 5.018 GC heap after
{Heap after GC invocations=42 (full 0):
 garbage-first heap   total 181248K, used 97875K [0x0000000081400000, 0x0000000100000000)
  region size 1024K, 1 young (1024K), 1 survivors (1024K)
 Metaspace       used 7700K, capacity 7919K, committed 8192K, reserved 1056768K
  class space    used 834K, capacity 921K, committed 1024K, reserved 1048576K
}
Event: 5.075 GC heap before
{Heap before GC invocations=43 (full 0):
 garbage-first heap   total 181248K, used 106067K [0x0000000081400000, 0x0000000100000000)
  region size 1024K, 6 young (6144K), 1 survivors (1024K)
 Metaspace       used 7703K, capacity 7919K, committed 8192K, reserved 1056768K
  class space    used 834K, capacity 921K, committed 1024K, reserved 1048576K
}
Event: 5.076 GC heap after
{Heap after GC invocations=44 (full 0):
 garbage-first heap   total 181248K, used 93756K [0x0000000081400000, 0x0000000100000000)
  region size 1024K, 1 young (1024K), 1 survivors (1024K)
 Metaspace       used 7703K, capacity 7919K, committed 8192K, reserved 1056768K
  class space    used 834K, capacity 921K, committed 1024K, reserved 1048576K
}
Event: 5.089 GC heap before
{Heap before GC invocations=45 (full 0):
 garbage-first heap   total 181248K, used 97852K [0x0000000081400000, 0x0000000100000000)
  region size 1024K, 2 young (2048K), 1 survivors (1024K)
 Metaspace       used 7703K, capacity 7919K, committed 8192K, reserved 1056768K
  class space    used 834K, capacity 921K, committed 1024K, reserved 1048576K
}
Event: 5.091 GC heap after
{Heap after GC invocations=46 (full 0):
 garbage-first heap   total 218112K, used 93766K [0x0000000081400000, 0x0000000100000000)
  region size 1024K, 1 young (1024K), 1 survivors (1024K)
 Metaspace       used 7703K, capacity 7919K, committed 8192K, reserved 1056768K
  class space    used 834K, capacity 921K, committed 1024K, reserved 1048576K
}
Event: 5.101 GC heap before
{Heap before GC invocations=47 (full 0):
 garbage-first heap   total 218112K, used 98886K [0x0000000081400000, 0x0000000100000000)
  region size 1024K, 3 young (3072K), 1 survivors (1024K)
 Metaspace       used 7703K, capacity 7919K, committed 8192K, reserved 1056768K
  class space    used 834K, capacity 921K, committed 1024K, reserved 1048576K
}
Event: 5.102 GC heap after
{Heap after GC invocations=48 (full 0):
 garbage-first heap   total 218112K, used 97895K [0x0000000081400000, 0x0000000100000000)
  region size 1024K, 1 young (1024K), 1 survivors (1024K)
 Metaspace       used 7703K, capacity 7919K, committed 8192K, reserved 1056768K
  class space    used 834K, capacity 921K, committed 1024K, reserved 1048576K
}
Event: 5.154 GC heap before
{Heap before GC invocations=49 (full 0):
 garbage-first heap   total 218112K, used 106087K [0x0000000081400000, 0x0000000100000000)
  region size 1024K, 6 young (6144K), 1 survivors (1024K)
 Metaspace       used 7703K, capacity 7919K, committed 8192K, reserved 1056768K
  class space    used 834K, capacity 921K, committed 1024K, reserved 1048576K
}
Event: 5.155 GC heap after
{Heap after GC invocations=50 (full 0):
 garbage-first heap   total 218112K, used 93772K [0x0000000081400000, 0x0000000100000000)
  region size 1024K, 1 young (1024K), 1 survivors (1024K)
 Metaspace       used 7703K, capacity 7919K, committed 8192K, reserved 1056768K
  class space    used 834K, capacity 921K, committed 1024K, reserved 1048576K
}
Event: 5.167 GC heap before
{Heap before GC invocations=51 (full 0):
 garbage-first heap   total 218112K, used 97868K [0x0000000081400000, 0x0000000100000000)
  region size 1024K, 2 young (2048K), 1 survivors (1024K)
 Metaspace       used 7703K, capacity 7919K, committed 8192K, reserved 1056768K
  class space    used 834K, capacity 921K, committed 1024K, reserved 1048576K
}
Event: 5.168 GC heap after
{Heap after GC invocations=52 (full 0):
 garbage-first heap   total 218112K, used 93774K [0x0000000081400000, 0x0000000100000000)
  region size 1024K, 1 young (1024K), 1 survivors (1024K)
 Metaspace       used 7703K, capacity 7919K, committed 8192K, reserved 1056768K
  class space    used 834K, capacity 921K, committed 1024K, reserved 1048576K
}
Event: 5.177 GC heap before
{Heap before GC invocations=53 (full 0):
 garbage-first heap   total 218112K, used 97870K [0x0000000081400000, 0x0000000100000000)
  region size 1024K, 2 young (2048K), 1 survivors (1024K)
 Metaspace       used 7703K, capacity 7919K, committed 8192K, reserved 1056768K
  class space    used 834K, capacity 921K, committed 1024K, reserved 1048576K
}

